{
  "RSpec": {
    "coverage": {
      "/Users/Keegan/turing/4module/quantified_self_rails/app/models/food.rb": [
        1,
        1,
        null,
        1,
        1,
        null,
        1,
        2,
        null,
        2,
        2,
        null,
        null,
        1,
        null,
        1,
        2,
        4,
        null,
        null,
        null,
        1,
        2,
        3,
        null,
        null,
        null
      ],
      "/Users/Keegan/turing/4module/quantified_self_rails/app/models/application_record.rb": [
        1,
        1,
        null
      ],
      "/Users/Keegan/turing/4module/quantified_self_rails/app/models/meal_food.rb": [
        1,
        1,
        1,
        null
      ],
      "/Users/Keegan/turing/4module/quantified_self_rails/app/models/meal.rb": [
        1,
        1,
        null,
        1,
        1,
        null
      ],
      "/Users/Keegan/turing/4module/quantified_self_rails/app/controllers/api/v1/foods_controller.rb": [
        1,
        1,
        1,
        null,
        1,
        1,
        null,
        null,
        1,
        1,
        null,
        null,
        1,
        2,
        2,
        1,
        null,
        1,
        null,
        null,
        null,
        1,
        3,
        1,
        null,
        2,
        null,
        null,
        null,
        1,
        2,
        1,
        null,
        1,
        null,
        null,
        null,
        1,
        null,
        1,
        2,
        null,
        null,
        null,
        null,
        null,
        1,
        5,
        null,
        null
      ],
      "/Users/Keegan/turing/4module/quantified_self_rails/app/controllers/application_controller.rb": [
        1,
        1,
        2,
        1,
        null,
        null,
        null,
        1,
        2,
        1,
        null,
        null,
        null
      ],
      "/Users/Keegan/turing/4module/quantified_self_rails/app/controllers/api/v1/meals_controller.rb": [
        1,
        1,
        2,
        null,
        null
      ],
      "/Users/Keegan/turing/4module/quantified_self_rails/app/serializers/meal_serializer.rb": [
        1,
        1,
        null,
        1,
        4,
        null,
        null
      ],
      "/Users/Keegan/turing/4module/quantified_self_rails/app/controllers/api/v1/meals/foods_controller.rb": [
        1,
        1,
        1,
        null,
        1,
        1,
        null,
        null,
        1,
        3,
        1,
        1,
        null,
        2,
        null,
        null,
        null,
        1,
        4,
        1,
        1,
        null,
        3,
        null,
        null,
        null,
        1,
        null,
        1,
        7,
        7,
        null,
        null
      ],
      "/Users/Keegan/turing/4module/quantified_self_rails/app/serializers/favorite_foods.rb": [
        0,
        0,
        null,
        0,
        0,
        0,
        null,
        0,
        0,
        0,
        0
      ],
      "/Users/Keegan/turing/4module/quantified_self_rails/app/controllers/api/v1/favorites_foods.rb": [
        0,
        0,
        0,
        0,
        0
      ]
    },
    "timestamp": 1538518504
  }
}
