{
  "RSpec": {
    "coverage": {
      "/Users/Keegan/turing/4module/quantified_self_rails/app/models/food.rb": [
        1,
        1,
        null,
        1,
        1,
        null,
        1,
        3,
        null,
        3,
        null,
        5,
        3,
        null,
        null,
        1,
        null,
        1,
        3,
        7,
        null,
        null,
        null,
        1,
        3,
        5,
        null,
        null,
        null
      ],
      "/Users/Keegan/turing/4module/quantified_self_rails/app/models/application_record.rb": [
        1,
        1,
        null
      ],
      "/Users/Keegan/turing/4module/quantified_self_rails/app/models/meal_food.rb": [
        1,
        1,
        1,
        null
      ],
      "/Users/Keegan/turing/4module/quantified_self_rails/app/models/meal.rb": [
        1,
        1,
        null,
        1,
        1,
        null
      ],
      "/Users/Keegan/turing/4module/quantified_self_rails/app/controllers/api/v1/favorite_foods_controller.rb": [
        1,
        1,
        1,
        null,
        null
      ],
      "/Users/Keegan/turing/4module/quantified_self_rails/app/controllers/application_controller.rb": [
        1,
        1,
        2,
        1,
        null,
        null,
        null,
        1,
        2,
        1,
        null,
        null,
        null
      ],
      "/Users/Keegan/turing/4module/quantified_self_rails/app/presenters/food_presenter.rb": [
        1,
        1,
        1,
        2,
        null,
        null,
        null
      ],
      "/Users/Keegan/turing/4module/quantified_self_rails/app/models/favorite_food.rb": [
        1,
        1,
        null,
        null,
        1,
        2,
        2,
        null,
        null
      ],
      "/Users/Keegan/turing/4module/quantified_self_rails/app/serializers/favorite_serializer.rb": [
        1,
        1,
        null,
        1,
        2,
        null,
        null,
        1,
        2,
        3,
        null,
        null,
        null
      ],
      "/Users/Keegan/turing/4module/quantified_self_rails/app/serializers/favorite_food_serializer.rb": [
        1,
        1,
        null,
        1,
        null,
        1,
        3,
        null,
        null,
        1,
        3,
        null,
        null,
        1,
        3,
        null,
        null
      ],
      "/Users/Keegan/turing/4module/quantified_self_rails/app/controllers/api/v1/foods_controller.rb": [
        1,
        1,
        1,
        null,
        1,
        1,
        null,
        null,
        1,
        1,
        null,
        null,
        1,
        2,
        2,
        1,
        null,
        1,
        null,
        null,
        null,
        1,
        3,
        1,
        null,
        2,
        null,
        null,
        null,
        1,
        2,
        1,
        null,
        1,
        null,
        null,
        null,
        1,
        null,
        1,
        2,
        null,
        null,
        null,
        null,
        null,
        1,
        5,
        null,
        null
      ],
      "/Users/Keegan/turing/4module/quantified_self_rails/app/controllers/api/v1/meals_controller.rb": [
        1,
        1,
        2,
        null,
        null
      ],
      "/Users/Keegan/turing/4module/quantified_self_rails/app/serializers/meal_serializer.rb": [
        1,
        1,
        null,
        1,
        4,
        null,
        null
      ],
      "/Users/Keegan/turing/4module/quantified_self_rails/app/controllers/api/v1/meals/foods_controller.rb": [
        1,
        1,
        1,
        null,
        1,
        1,
        null,
        null,
        1,
        3,
        1,
        1,
        null,
        2,
        null,
        null,
        null,
        1,
        4,
        1,
        1,
        null,
        3,
        null,
        null,
        null,
        1,
        null,
        1,
        7,
        7,
        null,
        null
      ]
    },
    "timestamp": 1538524646
  }
}
